<?xml version="1.0" encoding="UTF-8" ?>
<testsuite failures="0" time="18.244" errors="0" skipped="0" tests="8" name="GuiTest">
  <properties>
[...]
</properties>
  <testcase time="1.192" classname="GuiTest" name="addieren"/>
  <testcase time="0.484" classname="GuiTest" name="subtrahieren"/>
  <testcase time="0.522" classname="GuiTest" name="multiplizieren"/>
  <testcase time="0.542" classname="GuiTest" name="dividieren"/>
  <testcase time="0.251" classname="GuiTest" name="quadrieren"/>
  <testcase time="0.253" classname="GuiTest" name="wurzel"/>
  <testcase time="0.065" classname="GuiTest" name="logarithmus"/>
  <testcase time="0.582" classname="GuiTest" name="loeschen"/>
</testsuite>